<?xml version="1.0" encoding="UTF-8"?>
<!-- Generated by org.testng.reporters.JUnitXMLReporter -->
<testsuite hostname="LAPTOP-P2RI77UJ" ignored="0" name="Test" tests="4" failures="2" timestamp="10 Nov 2020 09:12:39 GMT" time="215.394" errors="0">
  <testcase name="basepageNavigation" time="32.605" classname="academy.RealProject.HomePage"/>
  <testcase name="basepageNavigation" time="15.837" classname="academy.RealProject.HomePage"/>
  <testcase name="basepageNavigation" time="0.165" classname="academy.RealProject.ValidateTitle">
    <failure type="java.lang.AssertionError" message="expected [FEATURED COURSESSS] but found [[[ChromeDriver: chrome on WINDOWS (c607db231e04d998442e5046c6af3e71)] -&amp;gt; xpath: //h2[contains(text(),&amp;apos;Featured Courses&amp;apos;)]]]">
      <![CDATA[java.lang.AssertionError: expected [FEATURED COURSESSS] but found [[[ChromeDriver: chrome on WINDOWS (c607db231e04d998442e5046c6af3e71)] -> xpath: //h2[contains(text(),'Featured Courses')]]]
at academy.RealProject.ValidateTitle.basepageNavigation(ValidateTitle.java:30)
... Removed 30 stack frames]]>
    </failure>
  </testcase> <!-- basepageNavigation -->
  <testcase name="basepageNavigation" time="0.39" classname="academy.RealProject.ValidateTitle">
    <failure type="java.lang.NullPointerException">
      <![CDATA[java.lang.NullPointerException
at resources.Base.getScreenshot(Base.java:46)
at academy.RealProject.Listeners.onTestFailure(Listeners.java:39)
... Removed 22 stack frames]]>
    </failure>
  </testcase> <!-- basepageNavigation -->
</testsuite> <!-- Test -->
